2022-06-07 10:47:46.2855 TRACE Trace
2022-06-07 10:47:46.3595 DEBUG Debug
2022-06-07 10:47:46.3595 INFO Info
2022-06-07 11:00:08.5934 TRACE Trace
2022-06-07 11:00:09.1224 DEBUG Debug
2022-06-07 11:00:09.5095 INFO Info
2022-06-07 11:00:18.8534 DEBUG Example 1
2022-06-07 11:00:21.7007 DEBUG log 1
2022-06-07 11:00:42.8118 TRACE Trace
2022-06-07 11:00:42.8438 DEBUG Debug
2022-06-07 11:00:42.8438 INFO Info
2022-06-07 11:00:52.4518 DEBUG Example 1
2022-06-07 11:00:53.3818 DEBUG log 1
2022-06-07 11:01:04.8250 TRACE Trace
2022-06-07 11:01:04.8570 DEBUG Debug
2022-06-07 11:01:04.8570 INFO Info
2022-06-07 11:01:06.9802 DEBUG Example 1
2022-06-07 11:01:11.8957 DEBUG log 1
2022-06-07 11:01:22.6788 TRACE Trace
2022-06-07 11:01:22.7098 DEBUG Debug
2022-06-07 11:01:22.7098 INFO Info
2022-06-07 11:01:23.6849 DEBUG Example 1
2022-06-07 11:01:24.3109 DEBUG log
2022-06-07 11:02:08.1533 TRACE Trace
2022-06-07 11:02:08.1853 DEBUG Debug
2022-06-07 11:02:08.1853 INFO Info
2022-06-07 11:02:10.1525 DEBUG Example 1
2022-06-07 11:02:13.0618 DEBUG log
2022-06-07 11:02:35.4911 TRACE Trace
2022-06-07 11:02:35.5231 DEBUG Debug
2022-06-07 11:02:35.5231 INFO Info
2022-06-07 11:02:36.3271 DEBUG Example 1
2022-06-07 11:02:36.6462 DEBUG log
2022-06-07 11:02:46.7692 TRACE Trace
2022-06-07 11:02:46.8012 DEBUG Debug
2022-06-07 11:02:46.8052 INFO Info
2022-06-07 11:02:47.6873 DEBUG Example 1
2022-06-07 11:02:48.1033 DEBUG log 1
2022-06-07 11:02:56.6622 TRACE Trace
2022-06-07 11:02:56.6942 DEBUG Debug
2022-06-07 11:02:56.6942 INFO Info
2022-06-07 11:02:57.5633 DEBUG Example 1
2022-06-07 11:02:57.9633 DEBUG log1
2022-06-07 11:03:11.1856 TRACE Trace
2022-06-07 11:03:11.2176 DEBUG Debug
2022-06-07 11:03:11.2176 INFO Info
2022-06-07 11:03:12.1077 DEBUG Example 1
2022-06-07 11:03:12.6028 DEBUG log1
2022-06-07 11:03:58.5924 TRACE Trace
2022-06-07 11:03:58.6254 DEBUG Debug
2022-06-07 11:03:58.6304 INFO Info
2022-06-07 11:05:21.3136 TRACE Trace
2022-06-07 11:05:21.3476 DEBUG Debug
2022-06-07 11:05:21.3476 INFO Info
