2022-06-07 10:45:47 [TRACE][Test] Trace
2022-06-07 10:45:49 [DEBUG][Test] Debug
2022-06-07 10:45:49 [INFO][Test] Info
2022-06-07 10:45:49 [WARN][Test] Warn
2022-06-07 10:45:49 [ERROR][Test] Error
2022-06-07 10:45:49 [FATAL][Test] Fatal
2022-06-07 10:47:27 [TRACE][Test] Trace
2022-06-07 10:47:33 [DEBUG][Test] Debug
2022-06-07 10:47:33 [INFO][Test] Info
2022-06-07 10:47:33 [WARN][Test] Warn
2022-06-07 10:47:33 [ERROR][Test] Error
2022-06-07 10:47:33 [FATAL][Test] Fatal
2022-06-07 11:14:49 [TRACE][Test] Trace
2022-06-07 11:19:28 [TRACE][Test] Trace
2022-06-07 11:19:28 [DEBUG][Test] Debug
2022-06-07 11:19:28 [INFO][Test] Info
2022-06-07 11:19:28 [WARN][Test] Warn
2022-06-07 11:19:29 [ERROR][Test] Error
2022-06-07 11:19:29 [FATAL][Test] Fatal
2022-06-07 11:23:39 [TRACE][Test] Trace
2022-06-07 11:23:40 [DEBUG][Test] Debug
2022-06-07 11:23:40 [INFO][Test] Info
2022-06-07 11:23:40 [WARN][Test] Warn
2022-06-07 11:23:41 [ERROR][Test] Error
2022-06-07 11:23:42 [FATAL][Test] Fatal
2022-06-07 11:24:20 [TRACE][Test] Trace
2022-06-07 11:24:20 [DEBUG][Test] Debug
2022-06-07 11:24:20 [INFO][Test] Info
2022-06-07 11:24:20 [WARN][Test] Warn
2022-06-07 11:24:20 [ERROR][Test] Error
2022-06-07 11:24:20 [FATAL][Test] Fatal
2022-06-07 11:24:20 [FATAL][Test]  Hello World 123
2022-06-07 11:24:40 [TRACE][Test] Trace
2022-06-07 11:24:40 [DEBUG][Test] Debug
2022-06-07 11:24:40 [INFO][Test] Info
2022-06-07 11:24:40 [WARN][Test] Warn
2022-06-07 11:24:40 [ERROR][Test] Error
2022-06-07 11:24:40 [FATAL][Test] Fatal
2022-06-07 11:24:40 [INFO][Test]  Hello World 123
2022-06-07 11:33:35 [TRACE][Test] Trace
2022-06-07 11:33:35 [DEBUG][Test] Debug
2022-06-07 11:33:35 [INFO][Test] Info
2022-06-07 11:33:35 [WARN][Test] Warn
2022-06-07 11:33:35 [ERROR][Test] Error
2022-06-07 11:33:35 [FATAL][Test] Fatal
2022-06-07 11:33:35 [INFO][Test]  Hello World 123
2022-06-07 11:35:36 [TRACE][Test] Trace
2022-06-07 11:35:36 [DEBUG][Test] Debug
2022-06-07 11:35:36 [INFO][Test] Info
2022-06-07 11:35:36 [WARN][Test] Warn
2022-06-07 11:35:36 [ERROR][Test] Error
2022-06-07 11:35:36 [FATAL][Test] Fatal
2022-06-07 11:35:36 [INFO][Test]  Hello World 123
2022-06-07 11:35:46 [TRACE][Test] Trace
2022-06-07 11:35:46 [DEBUG][Test] Debug
2022-06-07 11:35:46 [INFO][Test] Info
2022-06-07 11:35:46 [WARN][Test] Warn
2022-06-07 11:35:46 [ERROR][Test] Error
2022-06-07 11:35:46 [FATAL][Test] Fatal
2022-06-07 11:35:46 [INFO][Test]  Hello World 123
2022-06-07 13:11:41 [TRACE][Test] Trace
2022-06-07 13:11:41 [DEBUG][Test] Debug
2022-06-07 13:11:41 [INFO][Test] Info
2022-06-07 13:11:41 [WARN][Test] Warn
2022-06-07 13:11:41 [ERROR][Test] Error
2022-06-07 13:11:41 [FATAL][Test] Fatal
2022-06-07 13:11:41 [INFO][Test]  Hello World 123
2022-06-07 13:34:02 [TRACE][Test] Trace
2022-06-07 13:34:02 [DEBUG][Test] Debug
2022-06-07 13:34:02 [INFO][Test] Info
2022-06-07 13:34:02 [WARN][Test] Warn
2022-06-07 13:34:02 [ERROR][Test] Error
2022-06-07 13:34:02 [FATAL][Test] Fatal
2022-06-07 13:34:02 [INFO][Test]  Hello World 123
